
LICENSE SYSTEM [20191018 18:16:2] Next license update check is after 2019-10-19T09:57:09

DisplayProgressbar: Unity license
[Package Manager] Server::Start -- Port 54990 was selected

 COMMAND LINE ARGUMENTS:
/Applications/Unity2018.2.21/Unity.app/Contents/MacOS/Unity
-batchmode
-nographics
-projectPath
/Users/charles/Documents/g03_client
-executeMethod
Editor.OnekeyBuild.UploadForBatchMode
/Users/charles/Documents/CharlesFeng207.github.io/ThreeKingdomsTruce_2019_10_18_17_34_41_Firebase_v5.0.0.0b50_19821M.png
-quit
-logFile
executeMethod.log
Successfully changed project path to: /Users/charles/Documents/g03_client
/Users/charles/Documents/g03_client
Loading GUID <-> Path mappings...0.000065 seconds
Loading Asset Database...0.060586 seconds
Audio: FMOD Profiler initialized on port 54900
AssetDatabase consistency checks...7.111528 seconds
Refreshing native plugins compatible for Editor in 62.46 ms, found 4 plugins.
Preloading 0 native plugins for Editor in 0.00 ms.
DisplayProgressbar: Unity Package Manager
[Package Manager] Done resolving packages in 0.30s seconds
[Package Manager] Registering 35 packages:
[Package Manager]  * Package :  com.unity.analytics@2.0.16
    (location: /Users/charles/Library/Unity/cache/packages/packages.unity.com/com.unity.analytics@2.0.16)
[Package Manager]  * Package :  com.unity.package-manager-ui@1.9.11
    (location: /Users/charles/Library/Unity/cache/packages/packages.unity.com/com.unity.package-manager-ui@1.9.11)
[Package Manager]  * Package :  com.unity.purchasing@2.0.3
    (location: /Users/charles/Library/Unity/cache/packages/packages.unity.com/com.unity.purchasing@2.0.3)
[Package Manager]  * Package :  com.unity.textmeshpro@1.2.4
    (location: /Users/charles/Library/Unity/cache/packages/packages.unity.com/com.unity.textmeshpro@1.2.4)
[Package Manager]  * Package :  com.unity.modules.ai@1.0.0
    (location: /Applications/Unity2018.2.21/Unity.app/Contents/Resources/PackageManager/BuiltInPackages/com.unity.modules.ai)
[Package Manager]  * Package :  com.unity.modules.animation@1.0.0
    (location: /Applications/Unity2018.2.21/Unity.app/Contents/Resources/PackageManager/BuiltInPackages/com.unity.modules.animation)
[Package Manager]  * Package :  com.unity.modules.assetbundle@1.0.0
    (location: /Applications/Unity2018.2.21/Unity.app/Contents/Resources/PackageManager/BuiltInPackages/com.unity.modules.assetbundle)
[Package Manager]  * Package :  com.unity.modules.audio@1.0.0
    (location: /Applications/Unity2018.2.21/Unity.app/Contents/Resources/PackageManager/BuiltInPackages/com.unity.modules.audio)
[Package Manager]  * Package :  com.unity.modules.cloth@1.0.0
    (location: /Applications/Unity2018.2.21/Unity.app/Contents/Resources/PackageManager/BuiltInPackages/com.unity.modules.cloth)
[Package Manager]  * Package :  com.unity.modules.director@1.0.0
    (location: /Applications/Unity2018.2.21/Unity.app/Contents/Resources/PackageManager/BuiltInPackages/com.unity.modules.director)
[Package Manager]  * Package :  com.unity.modules.imageconversion@1.0.0
    (location: /Applications/Unity2018.2.21/Unity.app/Contents/Resources/PackageManager/BuiltInPackages/com.unity.modules.imageconversion)
[Package Manager]  * Package :  com.unity.modules.imgui@1.0.0
    (location: /Applications/Unity2018.2.21/Unity.app/Contents/Resources/PackageManager/BuiltInPackages/com.unity.modules.imgui)
[Package Manager]  * Package :  com.unity.modules.jsonserialize@1.0.0
    (location: /Applications/Unity2018.2.21/Unity.app/Contents/Resources/PackageManager/BuiltInPackages/com.unity.modules.jsonserialize)
[Package Manager]  * Package :  com.unity.modules.particlesystem@1.0.0
    (location: /Applications/Unity2018.2.21/Unity.app/Contents/Resources/PackageManager/BuiltInPackages/com.unity.modules.particlesystem)
[Package Manager]  * Package :  com.unity.modules.physics@1.0.0
    (location: /Applications/Unity2018.2.21/Unity.app/Contents/Resources/PackageManager/BuiltInPackages/com.unity.modules.physics)
[Package Manager]  * Package :  com.unity.modules.physics2d@1.0.0
    (location: /Applications/Unity2018.2.21/Unity.app/Contents/Resources/PackageManager/BuiltInPackages/com.unity.modules.physics2d)
[Package Manager]  * Package :  com.unity.modules.screencapture@1.0.0
    (location: /Applications/Unity2018.2.21/Unity.app/Contents/Resources/PackageManager/BuiltInPackages/com.unity.modules.screencapture)
[Package Manager]  * Package :  com.unity.modules.terrain@1.0.0
    (location: /Applications/Unity2018.2.21/Unity.app/Contents/Resources/PackageManager/BuiltInPackages/com.unity.modules.terrain)
[Package Manager]  * Package :  com.unity.modules.terrainphysics@1.0.0
    (location: /Applications/Unity2018.2.21/Unity.app/Contents/Resources/PackageManager/BuiltInPackages/com.unity.modules.terrainphysics)
[Package Manager]  * Package :  com.unity.modules.tilemap@1.0.0
    (location: /Applications/Unity2018.2.21/Unity.app/Contents/Resources/PackageManager/BuiltInPackages/com.unity.modules.tilemap)
[Package Manager]  * Package :  com.unity.modules.ui@1.0.0
    (location: /Applications/Unity2018.2.21/Unity.app/Contents/Resources/PackageManager/BuiltInPackages/com.unity.modules.ui)
[Package Manager]  * Package :  com.unity.modules.uielements@1.0.0
    (location: /Applications/Unity2018.2.21/Unity.app/Contents/Resources/PackageManager/BuiltInPackages/com.unity.modules.uielements)
[Package Manager]  * Package :  com.unity.modules.umbra@1.0.0
    (location: /Applications/Unity2018.2.21/Unity.app/Contents/Resources/PackageManager/BuiltInPackages/com.unity.modules.umbra)
[Package Manager]  * Package :  com.unity.modules.unityanalytics@1.0.0
    (location: /Applications/Unity2018.2.21/Unity.app/Contents/Resources/PackageManager/BuiltInPackages/com.unity.modules.unityanalytics)
[Package Manager]  * Package :  com.unity.modules.unitywebrequest@1.0.0
    (location: /Applications/Unity2018.2.21/Unity.app/Contents/Resources/PackageManager/BuiltInPackages/com.unity.modules.unitywebrequest)
[Package Manager]  * Package :  com.unity.modules.unitywebrequestassetbundle@1.0.0
    (location: /Applications/Unity2018.2.21/Unity.app/Contents/Resources/PackageManager/BuiltInPackages/com.unity.modules.unitywebrequestassetbundle)
[Package Manager]  * Package :  com.unity.modules.unitywebrequestaudio@1.0.0
    (location: /Applications/Unity2018.2.21/Unity.app/Contents/Resources/PackageManager/BuiltInPackages/com.unity.modules.unitywebrequestaudio)
[Package Manager]  * Package :  com.unity.modules.unitywebrequesttexture@1.0.0
    (location: /Applications/Unity2018.2.21/Unity.app/Contents/Resources/PackageManager/BuiltInPackages/com.unity.modules.unitywebrequesttexture)
[Package Manager]  * Package :  com.unity.modules.unitywebrequestwww@1.0.0
    (location: /Applications/Unity2018.2.21/Unity.app/Contents/Resources/PackageManager/BuiltInPackages/com.unity.modules.unitywebrequestwww)
[Package Manager]  * Package :  com.unity.modules.vehicles@1.0.0
    (location: /Applications/Unity2018.2.21/Unity.app/Contents/Resources/PackageManager/BuiltInPackages/com.unity.modules.vehicles)
[Package Manager]  * Package :  com.unity.modules.video@1.0.0
    (location: /Applications/Unity2018.2.21/Unity.app/Contents/Resources/PackageManager/BuiltInPackages/com.unity.modules.video)
[Package Manager]  * Package :  com.unity.modules.vr@1.0.0
    (location: /Applications/Unity2018.2.21/Unity.app/Contents/Resources/PackageManager/BuiltInPackages/com.unity.modules.vr)
[Package Manager]  * Package :  com.unity.modules.wind@1.0.0
    (location: /Applications/Unity2018.2.21/Unity.app/Contents/Resources/PackageManager/BuiltInPackages/com.unity.modules.wind)
[Package Manager]  * Package :  com.unity.modules.xr@1.0.0
    (location: /Applications/Unity2018.2.21/Unity.app/Contents/Resources/PackageManager/BuiltInPackages/com.unity.modules.xr)
[Package Manager]  * Package :  com.unity.standardevents@1.0.13
    (location: /Users/charles/Library/Unity/cache/packages/packages.unity.com/com.unity.standardevents@1.0.13)
[Package Manager] Done registering packages in 0.01s seconds
Initialize engine version: 2018.2.21f1 (a122f5dc316d)
Forcing GfxDevice: Null
GfxDevice: creating device client; threaded=0
NullGfxDevice:
    Version:  NULL 1.0 [1.0]
    Renderer: Null Device
    Vendor:   Unity Technologies
WARNING: Shader Unsupported: 'Hidden/FrameDebuggerRenderTargetDisplay' - Pass '' has no vertex shader
Initialize mono
Mono path[0] = '/Applications/Unity2018.2.21/Unity.app/Contents/Managed'
Mono path[1] = '/Applications/Unity2018.2.21/Unity.app/Contents/MonoBleedingEdge/lib/mono/unityjit'
Mono config path = '/Applications/Unity2018.2.21/Unity.app/Contents/MonoBleedingEdge/etc'
Using monoOptions --debugger-agent=transport=dt_socket,embedding=1,server=y,suspend=n,address=0.0.0.0:56250
Begin MonoManager ReloadAssembly
Refreshing native plugins compatible for Editor in 3.34 ms, found 8 plugins.
Initializing Unity.PackageManager (PackageManager) v2018.2.21 for Unity v2018.2.21f1
Registering precompiled unity dll's ...
Register platform support module: /Applications/Unity2018.2.21/PlaybackEngines/iOSSupport/UnityEditor.iOS.Extensions.dll
Register platform support module: /Applications/Unity2018.2.21/Unity.app/Contents/PlaybackEngines/MacStandaloneSupport/UnityEditor.OSXStandalone.Extensions.dll
Registered in 0.000697 seconds.
Registering platform support modules:
Registered platform support modules in: 0.1365272s.
Native extension for iOS target not found
Native extension for OSXStandalone target not found
Refreshing native plugins compatible for Editor in 3.69 ms, found 8 plugins.
Preloading 2 native plugins for Editor in 5.87 ms.
Mono: successfully reloaded assembly
- Completed reload, in  2.456 seconds
Registering precompiled user dll's ...
Registered in 0.670227 seconds.
Platform modules already initialized, skipping
